2025-10-21 22:16:12,251 [INFO] Adding job tentatively -- it will be properly scheduled when the scheduler starts
2025-10-21 22:16:12,251 [INFO] ✅ Бот запущен
2025-10-21 22:16:12,776 [INFO] Added job "send_auto_report" to job store "default"
2025-10-21 22:16:12,776 [INFO] Scheduler started
2025-10-21 22:16:17,123 [ERROR] ⚠️ Ошибка: Conflict: terminated by other getUpdates request; make sure that only one bot instance is running
NoneType: None
2025-10-21 22:16:22,252 [INFO] Running job "send_auto_report (trigger: interval[14 days, 0:00:00], next run at: 2025-11-04 19:16:22 UTC)" (scheduled at 2025-10-21 19:16:22.250795+00:00)
2025-10-21 22:16:22,807 [INFO] Job "send_auto_report (trigger: interval[14 days, 0:00:00], next run at: 2025-11-04 19:16:22 UTC)" executed successfully
2025-10-21 22:16:22,821 [ERROR] ⚠️ Ошибка: Conflict: terminated by other getUpdates request; make sure that only one bot instance is running
NoneType: None
2025-10-21 22:16:29,106 [ERROR] ⚠️ Ошибка: Conflict: terminated by other getUpdates request; make sure that only one bot instance is running
NoneType: None
2025-10-21 22:16:35,474 [ERROR] ⚠️ Ошибка: Conflict: terminated by other getUpdates request; make sure that only one bot instance is running
NoneType: None
2025-10-21 22:16:41,108 [ERROR] ⚠️ Ошибка: Conflict: terminated by other getUpdates request; make sure that only one bot instance is running
NoneType: None
2025-10-21 22:16:47,996 [ERROR] ⚠️ Ошибка: Conflict: terminated by other getUpdates request; make sure that only one bot instance is running
NoneType: None
2025-10-21 22:16:56,532 [ERROR] ⚠️ Ошибка: Conflict: terminated by other getUpdates request; make sure that only one bot instance is running
NoneType: None
2025-10-21 22:17:05,441 [ERROR] ⚠️ Ошибка: Conflict: terminated by other getUpdates request; make sure that only one bot instance is running
NoneType: None
2025-10-21 22:17:18,649 [ERROR] ⚠️ Ошибка: Conflict: terminated by other getUpdates request; make sure that only one bot instance is running
NoneType: None
2025-10-21 22:17:30,715 [ERROR] ⚠️ Ошибка: Conflict: terminated by other getUpdates request; make sure that only one bot instance is running
NoneType: None
2025-10-21 22:18:07,297 [INFO] Adding job tentatively -- it will be properly scheduled when the scheduler starts
2025-10-21 22:18:07,297 [INFO] ✅ Бот запущен
2025-10-21 22:18:07,553 [INFO] Added job "send_auto_report" to job store "default"
2025-10-21 22:18:07,553 [INFO] Scheduler started
2025-10-21 22:18:12,280 [ERROR] ⚠️ Ошибка: Conflict: terminated by other getUpdates request; make sure that only one bot instance is running
NoneType: None
2025-10-21 22:18:17,299 [INFO] Running job "send_auto_report (trigger: interval[14 days, 0:00:00], next run at: 2025-11-04 19:18:17 UTC)" (scheduled at 2025-10-21 19:18:17.297127+00:00)
2025-10-21 22:18:17,799 [INFO] Job "send_auto_report (trigger: interval[14 days, 0:00:00], next run at: 2025-11-04 19:18:17 UTC)" executed successfully
2025-10-21 22:18:18,223 [INFO] Scheduler has been shut down
2025-10-21 22:18:18,278 [INFO] Adding job tentatively -- it will be properly scheduled when the scheduler starts
2025-10-21 22:18:18,279 [INFO] ✅ Бот запущен
2025-10-21 22:18:18,482 [INFO] Added job "send_auto_report" to job store "default"
2025-10-21 22:18:18,482 [INFO] Scheduler started
2025-10-21 22:18:20,004 [INFO] Scheduler has been shut down
2025-10-21 22:18:20,064 [INFO] Adding job tentatively -- it will be properly scheduled when the scheduler starts
2025-10-21 22:18:20,064 [INFO] ✅ Бот запущен
2025-10-21 22:18:20,300 [INFO] Added job "send_auto_report" to job store "default"
2025-10-21 22:18:20,300 [INFO] Scheduler started
2025-10-21 22:18:52,311 [INFO] Adding job tentatively -- it will be properly scheduled when the scheduler starts
2025-10-21 22:18:52,311 [INFO] ✅ Бот запущен
2025-10-21 22:18:52,880 [INFO] Added job "send_auto_report" to job store "default"
2025-10-21 22:18:52,880 [INFO] Scheduler started
2025-10-21 22:19:02,313 [INFO] Running job "send_auto_report (trigger: interval[14 days, 0:00:00], next run at: 2025-11-04 19:19:02 UTC)" (scheduled at 2025-10-21 19:19:02.310755+00:00)
2025-10-21 22:19:02,766 [INFO] Job "send_auto_report (trigger: interval[14 days, 0:00:00], next run at: 2025-11-04 19:19:02 UTC)" executed successfully
2025-10-21 22:21:38,996 [INFO] Scheduler has been shut down
2025-10-21 22:21:39,055 [INFO] Adding job tentatively -- it will be properly scheduled when the scheduler starts
2025-10-21 22:21:39,055 [INFO] ✅ Бот запущен
2025-10-21 22:21:39,283 [INFO] Added job "send_auto_report" to job store "default"
2025-10-21 22:21:39,284 [INFO] Scheduler started
2025-10-21 22:21:46,680 [INFO] Adding job tentatively -- it will be properly scheduled when the scheduler starts
2025-10-21 22:21:46,680 [INFO] ✅ Бот запущен
2025-10-21 22:21:46,900 [INFO] Added job "send_auto_report" to job store "default"
2025-10-21 22:21:46,900 [INFO] Scheduler started
2025-10-21 22:21:56,681 [INFO] Running job "send_auto_report (trigger: interval[14 days, 0:00:00], next run at: 2025-11-04 19:21:56 UTC)" (scheduled at 2025-10-21 19:21:56.679577+00:00)
2025-10-21 22:21:56,982 [INFO] Job "send_auto_report (trigger: interval[14 days, 0:00:00], next run at: 2025-11-04 19:21:56 UTC)" executed successfully
2025-10-21 22:23:47,786 [INFO] Scheduler has been shut down
2025-10-21 22:23:47,828 [INFO] Adding job tentatively -- it will be properly scheduled when the scheduler starts
2025-10-21 22:23:47,828 [INFO] ✅ Бот запущен
2025-10-21 22:23:48,053 [INFO] Added job "send_auto_report" to job store "default"
2025-10-21 22:23:48,053 [INFO] Scheduler started
2025-10-21 22:23:53,958 [INFO] Adding job tentatively -- it will be properly scheduled when the scheduler starts
2025-10-21 22:23:53,958 [INFO] ✅ Бот запущен
2025-10-21 22:23:54,210 [INFO] Added job "send_auto_report" to job store "default"
2025-10-21 22:23:54,210 [INFO] Scheduler started
2025-10-21 22:24:03,960 [INFO] Running job "send_auto_report (trigger: interval[14 days, 0:00:00], next run at: 2025-11-04 19:24:03 UTC)" (scheduled at 2025-10-21 19:24:03.958248+00:00)
2025-10-21 22:24:04,483 [INFO] Job "send_auto_report (trigger: interval[14 days, 0:00:00], next run at: 2025-11-04 19:24:03 UTC)" executed successfully
